Watching for file changes with StatReloader
D:\Projects\basic\basic\settings.py changed, reloading.
Watching for file changes with StatReloader
Internal Server Error: /
Traceback (most recent call last):
  File "D:\Projects\basic\env\lib\site-packages\django\core\handlers\exception.py", line 47, in inner
    response = get_response(request)
  File "D:\Projects\basic\env\lib\site-packages\django\core\handlers\base.py", line 181, in _get_response
    response = wrapped_callback(request, *callback_args, **callback_kwargs)
  File "D:\Projects\basic\basic\views.py", line 6, in home
    celery_test.delay()
  File "D:\Projects\basic\env\lib\site-packages\celery\app\task.py", line 425, in delay
    return self.apply_async(args, kwargs)
  File "D:\Projects\basic\env\lib\site-packages\celery\app\task.py", line 575, in apply_async
    return app.send_task(
  File "D:\Projects\basic\env\lib\site-packages\celery\app\base.py", line 784, in send_task
    with self.producer_or_acquire(producer) as P:
  File "D:\Projects\basic\env\lib\site-packages\celery\app\base.py", line 919, in producer_or_acquire
    producer, self.producer_pool.acquire, block=True,
  File "D:\Projects\basic\env\lib\site-packages\celery\app\base.py", line 1303, in producer_pool
    return self.amqp.producer_pool
  File "D:\Projects\basic\env\lib\site-packages\celery\app\amqp.py", line 583, in producer_pool
    self.app.connection_for_write()]
  File "D:\Projects\basic\env\lib\site-packages\celery\app\base.py", line 816, in connection_for_write
    return self._connection(url or self.conf.broker_write_url, **kwargs)
  File "D:\Projects\basic\env\lib\site-packages\celery\app\base.py", line 867, in _connection
    return self.amqp.Connection(
  File "D:\Projects\basic\env\lib\site-packages\kombu\connection.py", line 181, in __init__
    if not get_transport_cls(transport).can_parse_url:
  File "D:\Projects\basic\env\lib\site-packages\kombu\transport\__init__.py", line 85, in get_transport_cls
    _transport_cache[transport] = resolve_transport(transport)
  File "D:\Projects\basic\env\lib\site-packages\kombu\transport\__init__.py", line 70, in resolve_transport
    return symbol_by_name(transport)
  File "D:\Projects\basic\env\lib\site-packages\kombu\utils\imports.py", line 56, in symbol_by_name
    module = imp(module_name, package=package, **kwargs)
  File "C:\Users\Sanjib\AppData\Local\Programs\Python\Python39\lib\importlib\__init__.py", line 127, in import_module
    return _bootstrap._gcd_import(name[level:], package, level)
  File "<frozen importlib._bootstrap>", line 1030, in _gcd_import
  File "<frozen importlib._bootstrap>", line 1007, in _find_and_load
  File "<frozen importlib._bootstrap>", line 986, in _find_and_load_unlocked
  File "<frozen importlib._bootstrap>", line 680, in _load_unlocked
  File "<frozen importlib._bootstrap_external>", line 850, in exec_module
  File "<frozen importlib._bootstrap>", line 228, in _call_with_frames_removed
  File "D:\Projects\basic\env\lib\site-packages\kombu\transport\redis.py", line 262, in <module>
    class PrefixedStrictRedis(GlobalKeyPrefixMixin, redis.Redis):
AttributeError: 'NoneType' object has no attribute 'Redis'
"GET / HTTP/1.1" 500 181960
D:\Projects\basic\basic\settings.py changed, reloading.
Watching for file changes with StatReloader
Watching for file changes with StatReloader
Internal Server Error: /
Traceback (most recent call last):
  File "D:\Projects\basic\env\lib\site-packages\django\core\handlers\exception.py", line 47, in inner
    response = get_response(request)
  File "D:\Projects\basic\env\lib\site-packages\django\core\handlers\base.py", line 181, in _get_response
    response = wrapped_callback(request, *callback_args, **callback_kwargs)
  File "D:\Projects\basic\basic\views.py", line 6, in home
    celery_test.delay()
  File "D:\Projects\basic\env\lib\site-packages\celery\app\task.py", line 425, in delay
    return self.apply_async(args, kwargs)
  File "D:\Projects\basic\env\lib\site-packages\celery\app\task.py", line 575, in apply_async
    return app.send_task(
  File "D:\Projects\basic\env\lib\site-packages\celery\app\base.py", line 784, in send_task
    with self.producer_or_acquire(producer) as P:
  File "D:\Projects\basic\env\lib\site-packages\celery\app\base.py", line 919, in producer_or_acquire
    producer, self.producer_pool.acquire, block=True,
  File "D:\Projects\basic\env\lib\site-packages\celery\app\base.py", line 1303, in producer_pool
    return self.amqp.producer_pool
  File "D:\Projects\basic\env\lib\site-packages\celery\app\amqp.py", line 583, in producer_pool
    self.app.connection_for_write()]
  File "D:\Projects\basic\env\lib\site-packages\celery\app\base.py", line 816, in connection_for_write
    return self._connection(url or self.conf.broker_write_url, **kwargs)
  File "D:\Projects\basic\env\lib\site-packages\celery\app\base.py", line 867, in _connection
    return self.amqp.Connection(
  File "D:\Projects\basic\env\lib\site-packages\kombu\connection.py", line 181, in __init__
    if not get_transport_cls(transport).can_parse_url:
  File "D:\Projects\basic\env\lib\site-packages\kombu\transport\__init__.py", line 85, in get_transport_cls
    _transport_cache[transport] = resolve_transport(transport)
  File "D:\Projects\basic\env\lib\site-packages\kombu\transport\__init__.py", line 70, in resolve_transport
    return symbol_by_name(transport)
  File "D:\Projects\basic\env\lib\site-packages\kombu\utils\imports.py", line 56, in symbol_by_name
    module = imp(module_name, package=package, **kwargs)
  File "C:\Users\Sanjib\AppData\Local\Programs\Python\Python39\lib\importlib\__init__.py", line 127, in import_module
    return _bootstrap._gcd_import(name[level:], package, level)
  File "<frozen importlib._bootstrap>", line 1030, in _gcd_import
  File "<frozen importlib._bootstrap>", line 1007, in _find_and_load
  File "<frozen importlib._bootstrap>", line 986, in _find_and_load_unlocked
  File "<frozen importlib._bootstrap>", line 680, in _load_unlocked
  File "<frozen importlib._bootstrap_external>", line 850, in exec_module
  File "<frozen importlib._bootstrap>", line 228, in _call_with_frames_removed
  File "D:\Projects\basic\env\lib\site-packages\kombu\transport\redis.py", line 262, in <module>
    class PrefixedStrictRedis(GlobalKeyPrefixMixin, redis.Redis):
AttributeError: 'NoneType' object has no attribute 'Redis'
"GET / HTTP/1.1" 500 182013
Internal Server Error: /
Traceback (most recent call last):
  File "D:\Projects\basic\env\lib\site-packages\django\core\handlers\exception.py", line 47, in inner
    response = get_response(request)
  File "D:\Projects\basic\env\lib\site-packages\django\core\handlers\base.py", line 181, in _get_response
    response = wrapped_callback(request, *callback_args, **callback_kwargs)
  File "D:\Projects\basic\basic\views.py", line 6, in home
    celery_test.delay()
  File "D:\Projects\basic\env\lib\site-packages\celery\app\task.py", line 425, in delay
    return self.apply_async(args, kwargs)
  File "D:\Projects\basic\env\lib\site-packages\celery\app\task.py", line 575, in apply_async
    return app.send_task(
  File "D:\Projects\basic\env\lib\site-packages\celery\app\base.py", line 784, in send_task
    with self.producer_or_acquire(producer) as P:
  File "D:\Projects\basic\env\lib\site-packages\celery\app\base.py", line 919, in producer_or_acquire
    producer, self.producer_pool.acquire, block=True,
  File "D:\Projects\basic\env\lib\site-packages\celery\app\base.py", line 1303, in producer_pool
    return self.amqp.producer_pool
  File "D:\Projects\basic\env\lib\site-packages\celery\app\amqp.py", line 583, in producer_pool
    self.app.connection_for_write()]
  File "D:\Projects\basic\env\lib\site-packages\celery\app\base.py", line 816, in connection_for_write
    return self._connection(url or self.conf.broker_write_url, **kwargs)
  File "D:\Projects\basic\env\lib\site-packages\celery\app\base.py", line 867, in _connection
    return self.amqp.Connection(
  File "D:\Projects\basic\env\lib\site-packages\kombu\connection.py", line 181, in __init__
    if not get_transport_cls(transport).can_parse_url:
  File "D:\Projects\basic\env\lib\site-packages\kombu\transport\__init__.py", line 85, in get_transport_cls
    _transport_cache[transport] = resolve_transport(transport)
  File "D:\Projects\basic\env\lib\site-packages\kombu\transport\__init__.py", line 70, in resolve_transport
    return symbol_by_name(transport)
  File "D:\Projects\basic\env\lib\site-packages\kombu\utils\imports.py", line 56, in symbol_by_name
    module = imp(module_name, package=package, **kwargs)
  File "C:\Users\Sanjib\AppData\Local\Programs\Python\Python39\lib\importlib\__init__.py", line 127, in import_module
    return _bootstrap._gcd_import(name[level:], package, level)
  File "<frozen importlib._bootstrap>", line 1030, in _gcd_import
  File "<frozen importlib._bootstrap>", line 1007, in _find_and_load
  File "<frozen importlib._bootstrap>", line 986, in _find_and_load_unlocked
  File "<frozen importlib._bootstrap>", line 680, in _load_unlocked
  File "<frozen importlib._bootstrap_external>", line 850, in exec_module
  File "<frozen importlib._bootstrap>", line 228, in _call_with_frames_removed
  File "D:\Projects\basic\env\lib\site-packages\kombu\transport\redis.py", line 262, in <module>
    class PrefixedStrictRedis(GlobalKeyPrefixMixin, redis.Redis):
AttributeError: 'NoneType' object has no attribute 'Redis'
"GET / HTTP/1.1" 500 182013
Internal Server Error: /
Traceback (most recent call last):
  File "D:\Projects\basic\env\lib\site-packages\django\core\handlers\exception.py", line 47, in inner
    response = get_response(request)
  File "D:\Projects\basic\env\lib\site-packages\django\core\handlers\base.py", line 181, in _get_response
    response = wrapped_callback(request, *callback_args, **callback_kwargs)
  File "D:\Projects\basic\basic\views.py", line 6, in home
    celery_test.delay()
  File "D:\Projects\basic\env\lib\site-packages\celery\app\task.py", line 425, in delay
    return self.apply_async(args, kwargs)
  File "D:\Projects\basic\env\lib\site-packages\celery\app\task.py", line 575, in apply_async
    return app.send_task(
  File "D:\Projects\basic\env\lib\site-packages\celery\app\base.py", line 784, in send_task
    with self.producer_or_acquire(producer) as P:
  File "D:\Projects\basic\env\lib\site-packages\celery\app\base.py", line 919, in producer_or_acquire
    producer, self.producer_pool.acquire, block=True,
  File "D:\Projects\basic\env\lib\site-packages\celery\app\base.py", line 1303, in producer_pool
    return self.amqp.producer_pool
  File "D:\Projects\basic\env\lib\site-packages\celery\app\amqp.py", line 583, in producer_pool
    self.app.connection_for_write()]
  File "D:\Projects\basic\env\lib\site-packages\celery\app\base.py", line 816, in connection_for_write
    return self._connection(url or self.conf.broker_write_url, **kwargs)
  File "D:\Projects\basic\env\lib\site-packages\celery\app\base.py", line 867, in _connection
    return self.amqp.Connection(
  File "D:\Projects\basic\env\lib\site-packages\kombu\connection.py", line 181, in __init__
    if not get_transport_cls(transport).can_parse_url:
  File "D:\Projects\basic\env\lib\site-packages\kombu\transport\__init__.py", line 85, in get_transport_cls
    _transport_cache[transport] = resolve_transport(transport)
  File "D:\Projects\basic\env\lib\site-packages\kombu\transport\__init__.py", line 70, in resolve_transport
    return symbol_by_name(transport)
  File "D:\Projects\basic\env\lib\site-packages\kombu\utils\imports.py", line 56, in symbol_by_name
    module = imp(module_name, package=package, **kwargs)
  File "C:\Users\Sanjib\AppData\Local\Programs\Python\Python39\lib\importlib\__init__.py", line 127, in import_module
    return _bootstrap._gcd_import(name[level:], package, level)
  File "<frozen importlib._bootstrap>", line 1030, in _gcd_import
  File "<frozen importlib._bootstrap>", line 1007, in _find_and_load
  File "<frozen importlib._bootstrap>", line 986, in _find_and_load_unlocked
  File "<frozen importlib._bootstrap>", line 680, in _load_unlocked
  File "<frozen importlib._bootstrap_external>", line 850, in exec_module
  File "<frozen importlib._bootstrap>", line 228, in _call_with_frames_removed
  File "D:\Projects\basic\env\lib\site-packages\kombu\transport\redis.py", line 262, in <module>
    class PrefixedStrictRedis(GlobalKeyPrefixMixin, redis.Redis):
AttributeError: 'NoneType' object has no attribute 'Redis'
"GET / HTTP/1.1" 500 182013
Watching for file changes with StatReloader
"GET / HTTP/1.1" 200 5238
"GET /static/css/base.css HTTP/1.1" 304 0
Watching for file changes with StatReloader
